F:\SANDBOX\COCOS2D-X\PROJECTS\HOBBYRPG\PROJ.WIN32\DEBUG.WIN32\OWCHARACTER.OBJ
F:\SANDBOX\COCOS2D-X\PROJECTS\HOBBYRPG\PROJ.WIN32\DEBUG.WIN32\OWENTITYBASE.OBJ
F:\SANDBOX\COCOS2D-X\PROJECTS\HOBBYRPG\PROJ.WIN32\DEBUG.WIN32\OWEVENTDELAY.OBJ
F:\SANDBOX\COCOS2D-X\PROJECTS\HOBBYRPG\PROJ.WIN32\DEBUG.WIN32\OWEVENTDIALOG.OBJ
F:\SANDBOX\COCOS2D-X\PROJECTS\HOBBYRPG\PROJ.WIN32\DEBUG.WIN32\OWMANAGER.OBJ
F:\SANDBOX\COCOS2D-X\PROJECTS\HOBBYRPG\PROJ.WIN32\DEBUG.WIN32\OWMANAGER_EVENT.OBJ
F:\SANDBOX\COCOS2D-X\PROJECTS\HOBBYRPG\PROJ.WIN32\DEBUG.WIN32\OWMANAGER_NORMAL.OBJ
F:\SANDBOX\COCOS2D-X\PROJECTS\HOBBYRPG\PROJ.WIN32\DEBUG.WIN32\OWMANAGER_PAUSE.OBJ
F:\SANDBOX\COCOS2D-X\PROJECTS\HOBBYRPG\PROJ.WIN32\DEBUG.WIN32\OWPLAYERCONTROLLER.OBJ
F:\SANDBOX\COCOS2D-X\PROJECTS\HOBBYRPG\PROJ.WIN32\DEBUG.WIN32\OWTILEDMAPUSERDATA.OBJ
F:\SANDBOX\COCOS2D-X\PROJECTS\HOBBYRPG\PROJ.WIN32\DEBUG.WIN32\PARTY.OBJ
F:\SANDBOX\COCOS2D-X\PROJECTS\HOBBYRPG\PROJ.WIN32\DEBUG.WIN32\PLAYER.OBJ
F:\SANDBOX\COCOS2D-X\PROJECTS\HOBBYRPG\PROJ.WIN32\DEBUG.WIN32\WORLDDIALOGUI.OBJ
F:\SANDBOX\COCOS2D-X\PROJECTS\HOBBYRPG\PROJ.WIN32\DEBUG.WIN32\WORLDEVENTDIALOG.OBJ
F:\SANDBOX\COCOS2D-X\PROJECTS\HOBBYRPG\PROJ.WIN32\DEBUG.WIN32\WORLDGRAPHGENERATOR.OBJ
F:\SANDBOX\COCOS2D-X\PROJECTS\HOBBYRPG\PROJ.WIN32\DEBUG.WIN32\WORLDMANAGER.OBJ
F:\SANDBOX\COCOS2D-X\PROJECTS\HOBBYRPG\PROJ.WIN32\DEBUG.WIN32\WORLDMANAGER_EVENT.OBJ
F:\SANDBOX\COCOS2D-X\PROJECTS\HOBBYRPG\PROJ.WIN32\DEBUG.WIN32\WORLDMANAGER_NORMAL.OBJ
F:\SANDBOX\COCOS2D-X\PROJECTS\HOBBYRPG\PROJ.WIN32\DEBUG.WIN32\WORLDSCENE.OBJ
F:\SANDBOX\COCOS2D-X\PROJECTS\HOBBYRPG\PROJ.WIN32\DEBUG.WIN32\MAIN.OBJ
F:\SANDBOX\COCOS2D-X\PROJECTS\HOBBYRPG\PROJ.WIN32\DEBUG.WIN32\CHARACTER.OBJ
F:\SANDBOX\COCOS2D-X\PROJECTS\HOBBYRPG\PROJ.WIN32\DEBUG.WIN32\COMMON.OBJ
F:\SANDBOX\COCOS2D-X\PROJECTS\HOBBYRPG\PROJ.WIN32\DEBUG.WIN32\CONFIG.OBJ
F:\SANDBOX\COCOS2D-X\PROJECTS\HOBBYRPG\PROJ.WIN32\DEBUG.WIN32\CONFIGREADER.OBJ
F:\SANDBOX\COCOS2D-X\PROJECTS\HOBBYRPG\PROJ.WIN32\DEBUG.WIN32\CUSTOMACTIONMANAGER.OBJ
F:\SANDBOX\COCOS2D-X\PROJECTS\HOBBYRPG\PROJ.WIN32\DEBUG.WIN32\EVENTMANAGER.OBJ
F:\SANDBOX\COCOS2D-X\PROJECTS\HOBBYRPG\PROJ.WIN32\DEBUG.WIN32\GRAPH2D.OBJ
F:\SANDBOX\COCOS2D-X\PROJECTS\HOBBYRPG\PROJ.WIN32\DEBUG.WIN32\INVENTORY.OBJ
F:\SANDBOX\COCOS2D-X\PROJECTS\HOBBYRPG\PROJ.WIN32\DEBUG.WIN32\ITEMMANAGER.OBJ
F:\SANDBOX\COCOS2D-X\PROJECTS\HOBBYRPG\PROJ.WIN32\DEBUG.WIN32\CHARACTERINFOENUMTOLUA.OBJ
F:\SANDBOX\COCOS2D-X\PROJECTS\HOBBYRPG\PROJ.WIN32\DEBUG.WIN32\GAMETOLUA.OBJ
F:\SANDBOX\COCOS2D-X\PROJECTS\HOBBYRPG\PROJ.WIN32\DEBUG.WIN32\ITEMENUMTOLUA.OBJ
F:\SANDBOX\COCOS2D-X\PROJECTS\HOBBYRPG\PROJ.WIN32\DEBUG.WIN32\ITEMSTATENUMTOLUA.OBJ
F:\SANDBOX\COCOS2D-X\PROJECTS\HOBBYRPG\PROJ.WIN32\DEBUG.WIN32\STATSENUMTOLUA.OBJ
F:\SANDBOX\COCOS2D-X\PROJECTS\HOBBYRPG\PROJ.WIN32\DEBUG.WIN32\OVERWORLDSCENE.OBJ
F:\SANDBOX\COCOS2D-X\PROJECTS\HOBBYRPG\PROJ.WIN32\DEBUG.WIN32\OWAIMOVE.OBJ
F:\SANDBOX\COCOS2D-X\PROJECTS\HOBBYRPG\PROJ.WIN32\DEBUG.WIN32\OWCONTROLUITYPEB.OBJ
F:\SANDBOX\COCOS2D-X\PROJECTS\HOBBYRPG\PROJ.WIN32\DEBUG.WIN32\OWCONTROLUITYPEBBUTTON.OBJ
F:\SANDBOX\COCOS2D-X\PROJECTS\HOBBYRPG\PROJ.WIN32\DEBUG.WIN32\OWDIALOGUI.OBJ
F:\SANDBOX\COCOS2D-X\PROJECTS\HOBBYRPG\PROJ.WIN32\DEBUG.WIN32\OWAICHARACTER.OBJ
F:\SANDBOX\COCOS2D-X\PROJECTS\HOBBYRPG\PROJ.WIN32\DEBUG.WIN32\ISTATE.OBJ
F:\SANDBOX\COCOS2D-X\PROJECTS\HOBBYRPG\PROJ.WIN32\DEBUG.WIN32\APPDELEGATE.OBJ
F:\SANDBOX\COCOS2D-X\PROJECTS\HOBBYRPG\PROJ.WIN32\DEBUG.WIN32\VC110.PDB
F:\SANDBOX\COCOS2D-X\PROJECTS\HOBBYRPG\PROJ.WIN32\DEBUG.WIN32\HOBBYRPG.EXE
F:\SANDBOX\COCOS2D-X\PROJECTS\HOBBYRPG\PROJ.WIN32\DEBUG.WIN32\HOBBYRPG.PDB
F:\Sandbox\cocos2d-x\projects\HobbyRPG\proj.win32\Debug.win32\HobbyRPG.vcxprojResolveAssemblyReference.cache
F:\Sandbox\cocos2d-x\projects\HobbyRPG\proj.win32\Debug.win32\AppDelegate.obj
F:\Sandbox\cocos2d-x\projects\HobbyRPG\proj.win32\Debug.win32\Character.obj
F:\Sandbox\cocos2d-x\projects\HobbyRPG\proj.win32\Debug.win32\CharacterInfoEnumToLua.obj
F:\Sandbox\cocos2d-x\projects\HobbyRPG\proj.win32\Debug.win32\Common.obj
F:\Sandbox\cocos2d-x\projects\HobbyRPG\proj.win32\Debug.win32\Config.obj
F:\Sandbox\cocos2d-x\projects\HobbyRPG\proj.win32\Debug.win32\ConfigReader.obj
F:\Sandbox\cocos2d-x\projects\HobbyRPG\proj.win32\Debug.win32\CustomActionManager.obj
F:\Sandbox\cocos2d-x\projects\HobbyRPG\proj.win32\Debug.win32\EventManager.obj
F:\Sandbox\cocos2d-x\projects\HobbyRPG\proj.win32\Debug.win32\GameToLua.obj
F:\Sandbox\cocos2d-x\projects\HobbyRPG\proj.win32\Debug.win32\Graph2D.obj
F:\Sandbox\cocos2d-x\projects\HobbyRPG\proj.win32\Debug.win32\Inventory.obj
F:\Sandbox\cocos2d-x\projects\HobbyRPG\proj.win32\Debug.win32\iState.obj
F:\Sandbox\cocos2d-x\projects\HobbyRPG\proj.win32\Debug.win32\ItemEnumToLua.obj
F:\Sandbox\cocos2d-x\projects\HobbyRPG\proj.win32\Debug.win32\ItemManager.obj
F:\Sandbox\cocos2d-x\projects\HobbyRPG\proj.win32\Debug.win32\ItemStatEnumToLua.obj
F:\Sandbox\cocos2d-x\projects\HobbyRPG\proj.win32\Debug.win32\main.obj
F:\Sandbox\cocos2d-x\projects\HobbyRPG\proj.win32\Debug.win32\OverworldScene.obj
F:\Sandbox\cocos2d-x\projects\HobbyRPG\proj.win32\Debug.win32\OwAICharacter.obj
F:\Sandbox\cocos2d-x\projects\HobbyRPG\proj.win32\Debug.win32\OwAIMove.obj
F:\Sandbox\cocos2d-x\projects\HobbyRPG\proj.win32\Debug.win32\OwCharacter.obj
F:\Sandbox\cocos2d-x\projects\HobbyRPG\proj.win32\Debug.win32\OwControlUITypeB.obj
F:\Sandbox\cocos2d-x\projects\HobbyRPG\proj.win32\Debug.win32\OwControlUITypeBButton.obj
F:\Sandbox\cocos2d-x\projects\HobbyRPG\proj.win32\Debug.win32\OwDialogUI.obj
F:\Sandbox\cocos2d-x\projects\HobbyRPG\proj.win32\Debug.win32\OwEntityBase.obj
F:\Sandbox\cocos2d-x\projects\HobbyRPG\proj.win32\Debug.win32\OwEventDelay.obj
F:\Sandbox\cocos2d-x\projects\HobbyRPG\proj.win32\Debug.win32\OwEventDialog.obj
F:\Sandbox\cocos2d-x\projects\HobbyRPG\proj.win32\Debug.win32\OwManager.obj
F:\Sandbox\cocos2d-x\projects\HobbyRPG\proj.win32\Debug.win32\OwManager_Event.obj
F:\Sandbox\cocos2d-x\projects\HobbyRPG\proj.win32\Debug.win32\OwManager_Normal.obj
F:\Sandbox\cocos2d-x\projects\HobbyRPG\proj.win32\Debug.win32\OwManager_Pause.obj
F:\Sandbox\cocos2d-x\projects\HobbyRPG\proj.win32\Debug.win32\OwPlayerController.obj
F:\Sandbox\cocos2d-x\projects\HobbyRPG\proj.win32\Debug.win32\OwTiledMapUserData.obj
F:\Sandbox\cocos2d-x\projects\HobbyRPG\proj.win32\Debug.win32\Party.obj
F:\Sandbox\cocos2d-x\projects\HobbyRPG\proj.win32\Debug.win32\Player.obj
F:\Sandbox\cocos2d-x\projects\HobbyRPG\proj.win32\Debug.win32\StatsEnumToLua.obj
F:\Sandbox\cocos2d-x\projects\HobbyRPG\proj.win32\Debug.win32\WorldDialogUI.obj
F:\Sandbox\cocos2d-x\projects\HobbyRPG\proj.win32\Debug.win32\WorldEventDialog.obj
F:\Sandbox\cocos2d-x\projects\HobbyRPG\proj.win32\Debug.win32\WorldGraphGenerator.obj
F:\Sandbox\cocos2d-x\projects\HobbyRPG\proj.win32\Debug.win32\WorldManager.obj
F:\Sandbox\cocos2d-x\projects\HobbyRPG\proj.win32\Debug.win32\WorldManager_Event.obj
F:\Sandbox\cocos2d-x\projects\HobbyRPG\proj.win32\Debug.win32\WorldManager_Normal.obj
F:\Sandbox\cocos2d-x\projects\HobbyRPG\proj.win32\Debug.win32\WorldScene.obj
F:\Sandbox\cocos2d-x\projects\HobbyRPG\proj.win32\Debug.win32\cl.command.1.tlog
F:\Sandbox\cocos2d-x\projects\HobbyRPG\proj.win32\Debug.win32\CL.read.1.tlog
F:\Sandbox\cocos2d-x\projects\HobbyRPG\proj.win32\Debug.win32\CL.write.1.tlog
F:\Sandbox\cocos2d-x\projects\HobbyRPG\proj.win32\Debug.win32\link-cvtres.read.1.tlog
F:\Sandbox\cocos2d-x\projects\HobbyRPG\proj.win32\Debug.win32\link-cvtres.write.1.tlog
F:\Sandbox\cocos2d-x\projects\HobbyRPG\proj.win32\Debug.win32\link-rc.read.1.tlog
F:\Sandbox\cocos2d-x\projects\HobbyRPG\proj.win32\Debug.win32\link-rc.write.1.tlog
F:\Sandbox\cocos2d-x\projects\HobbyRPG\proj.win32\Debug.win32\link.command.1.tlog
F:\Sandbox\cocos2d-x\projects\HobbyRPG\proj.win32\Debug.win32\link.read.1.tlog
F:\Sandbox\cocos2d-x\projects\HobbyRPG\proj.win32\Debug.win32\link.write.1.tlog
F:\Sandbox\cocos2d-x\projects\HobbyRPG\proj.win32\Debug.win32\libcocos2d.exp
F:\Sandbox\cocos2d-x\projects\HobbyRPG\proj.win32\Debug.win32\libCocosDenshion.exp
F:\Sandbox\cocos2d-x\projects\HobbyRPG\proj.win32\Debug.win32\vc110.idb
F:\Sandbox\cocos2d-x\projects\HobbyRPG\proj.win32\Debug.win32\HobbyRPG.pdb
F:\Sandbox\cocos2d-x\projects\HobbyRPG\proj.win32\Debug.win32\libcocos2d.pdb
F:\Sandbox\cocos2d-x\projects\HobbyRPG\proj.win32\Debug.win32\libCocosDenshion.pdb
F:\Sandbox\cocos2d-x\projects\HobbyRPG\proj.win32\Debug.win32\vc110.pdb
F:\Sandbox\cocos2d-x\projects\HobbyRPG\proj.win32\Debug.win32\HobbyRPG.exe
